# JRE version: Java(TM) SE Runtime Environment (13.0.1+9) (build 13.0.1+9)
# Java VM: Java HotSpot(TM) 64-Bit Server VM (13.0.1+9, mixed mode, sharing, tiered, compressed oops, g1 gc, windows-amd64)
Heap:
 garbage-first heap   total 179200K, used 106250K [0x0000000082600000, 0x0000000100000000)
  region size 1024K, 5 young (5120K), 4 survivors (4096K)
 Metaspace       used 20095K, capacity 20451K, committed 20608K, reserved 1067008K
  class space    used 2056K, capacity 2175K, committed 2176K, reserved 1048576K
GC Heap History (20 events):
Event: 2.964 GC heap before
{Heap before GC invocations=0 (full 0):
 garbage-first heap   total 129024K, used 23552K [0x0000000082600000, 0x0000000100000000)
  region size 1024K, 24 young (24576K), 0 survivors (0K)
 Metaspace       used 14593K, capacity 14990K, committed 15104K, reserved 1062912K
  class space    used 1656K, capacity 1785K, committed 1792K, reserved 1048576K
}
Event: 2.976 GC heap after
{Heap after GC invocations=1 (full 0):
 garbage-first heap   total 129024K, used 6760K [0x0000000082600000, 0x0000000100000000)
  region size 1024K, 3 young (3072K), 3 survivors (3072K)
 Metaspace       used 14593K, capacity 14990K, committed 15104K, reserved 1062912K
  class space    used 1656K, capacity 1785K, committed 1792K, reserved 1048576K
}
Event: 3.634 GC heap before
{Heap before GC invocations=1 (full 0):
 garbage-first heap   total 129024K, used 43624K [0x0000000082600000, 0x0000000100000000)
  region size 1024K, 17 young (17408K), 3 survivors (3072K)
 Metaspace       used 16204K, capacity 16554K, committed 16640K, reserved 1064960K
  class space    used 1845K, capacity 1967K, committed 2048K, reserved 1048576K
}
Event: 3.643 GC heap after
{Heap after GC invocations=2 (full 0):
 garbage-first heap   total 129024K, used 30506K [0x0000000082600000, 0x0000000100000000)
  region size 1024K, 1 young (1024K), 1 survivors (1024K)
 Metaspace       used 16204K, capacity 16554K, committed 16640K, reserved 1064960K
  class space    used 1845K, capacity 1967K, committed 2048K, reserved 1048576K
}
Event: 28.654 GC heap before
{Heap before GC invocations=2 (full 0):
 garbage-first heap   total 129024K, used 84778K [0x0000000082600000, 0x0000000100000000)
  region size 1024K, 39 young (39936K), 1 survivors (1024K)
 Metaspace       used 18587K, capacity 18936K, committed 19072K, reserved 1067008K
  class space    used 1976K, capacity 2099K, committed 2176K, reserved 1048576K
}
Event: 28.676 GC heap after
{Heap after GC invocations=3 (full 0):
 garbage-first heap   total 129024K, used 53150K [0x0000000082600000, 0x0000000100000000)
  region size 1024K, 5 young (5120K), 5 survivors (5120K)
 Metaspace       used 18587K, capacity 18936K, committed 19072K, reserved 1067008K
  class space    used 1976K, capacity 2099K, committed 2176K, reserved 1048576K
}
Event: 46.525 GC heap before
{Heap before GC invocations=3 (full 0):
 garbage-first heap   total 129024K, used 86942K [0x0000000082600000, 0x0000000100000000)
  region size 1024K, 38 young (38912K), 5 survivors (5120K)
 Metaspace       used 18844K, capacity 19196K, committed 19328K, reserved 1067008K
  class space    used 1981K, capacity 2099K, committed 2176K, reserved 1048576K
}
Event: 46.558 GC heap after
{Heap after GC invocations=4 (full 0):
 garbage-first heap   total 129024K, used 50030K [0x0000000082600000, 0x0000000100000000)
  region size 1024K, 5 young (5120K), 5 survivors (5120K)
 Metaspace       used 18844K, capacity 19196K, committed 19328K, reserved 1067008K
  class space    used 1981K, capacity 2099K, committed 2176K, reserved 1048576K
}
Event: 75.251 GC heap before
{Heap before GC invocations=4 (full 0):
 garbage-first heap   total 129024K, used 83822K [0x0000000082600000, 0x0000000100000000)
  region size 1024K, 39 young (39936K), 5 survivors (5120K)
 Metaspace       used 19087K, capacity 19454K, committed 19584K, reserved 1067008K
  class space    used 1981K, capacity 2099K, committed 2176K, reserved 1048576K
}
Event: 75.279 GC heap after
{Heap after GC invocations=5 (full 0):
 garbage-first heap   total 129024K, used 59004K [0x0000000082600000, 0x0000000100000000)
  region size 1024K, 5 young (5120K), 5 survivors (5120K)
 Metaspace       used 19087K, capacity 19454K, committed 19584K, reserved 1067008K
  class space    used 1981K, capacity 2099K, committed 2176K, reserved 1048576K
}
Event: 96.148 GC heap before
{Heap before GC invocations=5 (full 0):
 garbage-first heap   total 129024K, used 90748K [0x0000000082600000, 0x0000000100000000)
  region size 1024K, 36 young (36864K), 5 survivors (5120K)
 Metaspace       used 19454K, capacity 19842K, committed 20096K, reserved 1067008K
  class space    used 2027K, capacity 2163K, committed 2176K, reserved 1048576K
}
Event: 96.175 GC heap after
{Heap after GC invocations=6 (full 0):
 garbage-first heap   total 129024K, used 67584K [0x0000000082600000, 0x0000000100000000)
  region size 1024K, 5 young (5120K), 5 survivors (5120K)
 Metaspace       used 19454K, capacity 19842K, committed 20096K, reserved 1067008K
  class space    used 2027K, capacity 2163K, committed 2176K, reserved 1048576K
}
Event: 132.681 GC heap before
{Heap before GC invocations=6 (full 0):
 garbage-first heap   total 129024K, used 94208K [0x0000000082600000, 0x0000000100000000)
  region size 1024K, 32 young (32768K), 5 survivors (5120K)
 Metaspace       used 19912K, capacity 20252K, committed 20352K, reserved 1067008K
  class space    used 2053K, capacity 2172K, committed 2176K, reserved 1048576K
}
Event: 132.700 GC heap after
{Heap after GC invocations=7 (full 0):
 garbage-first heap   total 129024K, used 70493K [0x0000000082600000, 0x0000000100000000)
  region size 1024K, 3 young (3072K), 3 survivors (3072K)
 Metaspace       used 19912K, capacity 20252K, committed 20352K, reserved 1067008K
  class space    used 2053K, capacity 2172K, committed 2176K, reserved 1048576K
}
Event: 232.037 GC heap before
{Heap before GC invocations=8 (full 0):
 garbage-first heap   total 129024K, used 96093K [0x0000000082600000, 0x0000000100000000)
  region size 1024K, 29 young (29696K), 3 survivors (3072K)
 Metaspace       used 20000K, capacity 20316K, committed 20352K, reserved 1067008K
  class space    used 2053K, capacity 2172K, committed 2176K, reserved 1048576K
}
Event: 232.043 GC heap after
{Heap after GC invocations=9 (full 0):
 garbage-first heap   total 129024K, used 70329K [0x0000000082600000, 0x0000000100000000)
  region size 1024K, 3 young (3072K), 3 survivors (3072K)
 Metaspace       used 20000K, capacity 20316K, committed 20352K, reserved 1067008K
  class space    used 2053K, capacity 2172K, committed 2176K, reserved 1048576K
}
Event: 351.216 GC heap before
{Heap before GC invocations=9 (full 0):
 garbage-first heap   total 129024K, used 85689K [0x0000000082600000, 0x0000000100000000)
  region size 1024K, 19 young (19456K), 3 survivors (3072K)
 Metaspace       used 20041K, capacity 20385K, committed 20608K, reserved 1067008K
  class space    used 2054K, capacity 2174K, committed 2176K, reserved 1048576K
}
Event: 351.226 GC heap after
{Heap after GC invocations=10 (full 0):
 garbage-first heap   total 129024K, used 70129K [0x0000000082600000, 0x0000000100000000)
  region size 1024K, 2 young (2048K), 2 survivors (2048K)
 Metaspace       used 20041K, capacity 20385K, committed 20608K, reserved 1067008K
  class space    used 2054K, capacity 2174K, committed 2176K, reserved 1048576K
}
Event: 633.960 GC heap before
{Heap before GC invocations=11 (full 0):
 garbage-first heap   total 129024K, used 86513K [0x0000000082600000, 0x0000000100000000)
  region size 1024K, 13 young (13312K), 2 survivors (2048K)
 Metaspace       used 20086K, capacity 20387K, committed 20608K, reserved 1067008K
  class space    used 2056K, capacity 2175K, committed 2176K, reserved 1048576K
}
Event: 633.975 GC heap after
{Heap after GC invocations=12 (full 0):
 garbage-first heap   total 129024K, used 79626K [0x0000000082600000, 0x0000000100000000)
  region size 1024K, 4 young (4096K), 4 survivors (4096K)
 Metaspace       used 20086K, capacity 20387K, committed 20608K, reserved 1067008K
  class space    used 2056K, capacity 2175K, committed 2176K, reserved 1048576K
}

