# JRE version: Java(TM) SE Runtime Environment (13.0.1+9) (build 13.0.1+9)
# Java VM: Java HotSpot(TM) 64-Bit Server VM (13.0.1+9, mixed mode, sharing, tiered, compressed oops, g1 gc, windows-amd64)
Heap:
 garbage-first heap   total 13312K, used 5186K [0x0000000082600000, 0x0000000100000000)
  region size 1024K, 2 young (2048K), 1 survivors (1024K)
 Metaspace       used 8347K, capacity 11174K, committed 11264K, reserved 1058816K
  class space    used 964K, capacity 1266K, committed 1280K, reserved 1048576K
GC Heap History (18 events):
Event: 0.225 GC heap before
{Heap before GC invocations=0 (full 0):
 garbage-first heap   total 8192K, used 3072K [0x0000000082600000, 0x0000000100000000)
  region size 1024K, 3 young (3072K), 0 survivors (0K)
 Metaspace       used 2300K, capacity 5984K, committed 6016K, reserved 1056768K
  class space    used 267K, capacity 638K, committed 640K, reserved 1048576K
}
Event: 0.228 GC heap after
{Heap after GC invocations=1 (full 0):
 garbage-first heap   total 8192K, used 1109K [0x0000000082600000, 0x0000000100000000)
  region size 1024K, 1 young (1024K), 1 survivors (1024K)
 Metaspace       used 2300K, capacity 5984K, committed 6016K, reserved 1056768K
  class space    used 267K, capacity 638K, committed 640K, reserved 1048576K
}
Event: 0.285 GC heap before
{Heap before GC invocations=1 (full 0):
 garbage-first heap   total 8192K, used 2133K [0x0000000082600000, 0x0000000100000000)
  region size 1024K, 2 young (2048K), 1 survivors (1024K)
 Metaspace       used 3319K, capacity 6822K, committed 6912K, reserved 1056768K
  class space    used 387K, capacity 749K, committed 768K, reserved 1048576K
}
Event: 0.289 GC heap after
{Heap after GC invocations=2 (full 0):
 garbage-first heap   total 8192K, used 1733K [0x0000000082600000, 0x0000000100000000)
  region size 1024K, 1 young (1024K), 1 survivors (1024K)
 Metaspace       used 3319K, capacity 6822K, committed 6912K, reserved 1056768K
  class space    used 387K, capacity 749K, committed 768K, reserved 1048576K
}
Event: 0.414 GC heap before
{Heap before GC invocations=2 (full 0):
 garbage-first heap   total 8192K, used 1733K [0x0000000082600000, 0x0000000100000000)
  region size 1024K, 2 young (2048K), 1 survivors (1024K)
 Metaspace       used 5392K, capacity 8836K, committed 8960K, reserved 1056768K
  class space    used 662K, capacity 1016K, committed 1024K, reserved 1048576K
}
Event: 0.416 GC heap after
{Heap after GC invocations=3 (full 0):
 garbage-first heap   total 8192K, used 1840K [0x0000000082600000, 0x0000000100000000)
  region size 1024K, 1 young (1024K), 1 survivors (1024K)
 Metaspace       used 5392K, capacity 8836K, committed 8960K, reserved 1056768K
  class space    used 662K, capacity 1016K, committed 1024K, reserved 1048576K
}
Event: 0.461 GC heap before
{Heap before GC invocations=3 (full 0):
 garbage-first heap   total 8192K, used 2864K [0x0000000082600000, 0x0000000100000000)
  region size 1024K, 2 young (2048K), 1 survivors (1024K)
 Metaspace       used 6564K, capacity 9934K, committed 10240K, reserved 1058816K
  class space    used 813K, capacity 1172K, committed 1280K, reserved 1048576K
}
Event: 0.463 GC heap after
{Heap after GC invocations=4 (full 0):
 garbage-first heap   total 8192K, used 2219K [0x0000000082600000, 0x0000000100000000)
  region size 1024K, 1 young (1024K), 1 survivors (1024K)
 Metaspace       used 6564K, capacity 9934K, committed 10240K, reserved 1058816K
  class space    used 813K, capacity 1172K, committed 1280K, reserved 1048576K
}
Event: 0.539 GC heap before
{Heap before GC invocations=4 (full 0):
 garbage-first heap   total 8192K, used 3243K [0x0000000082600000, 0x0000000100000000)
  region size 1024K, 2 young (2048K), 1 survivors (1024K)
 Metaspace       used 7500K, capacity 10800K, committed 11008K, reserved 1058816K
  class space    used 901K, capacity 1248K, committed 1280K, reserved 1048576K
}
Event: 0.540 GC heap after
{Heap after GC invocations=5 (full 0):
 garbage-first heap   total 10240K, used 2650K [0x0000000082600000, 0x0000000100000000)
  region size 1024K, 1 young (1024K), 1 survivors (1024K)
 Metaspace       used 7500K, capacity 10800K, committed 11008K, reserved 1058816K
  class space    used 901K, capacity 1248K, committed 1280K, reserved 1048576K
}
Event: 0.627 GC heap before
{Heap before GC invocations=5 (full 0):
 garbage-first heap   total 10240K, used 4698K [0x0000000082600000, 0x0000000100000000)
  region size 1024K, 3 young (3072K), 1 survivors (1024K)
 Metaspace       used 8026K, capacity 11019K, committed 11264K, reserved 1058816K
  class space    used 941K, capacity 1257K, committed 1280K, reserved 1048576K
}
Event: 0.630 GC heap after
{Heap after GC invocations=6 (full 0):
 garbage-first heap   total 10240K, used 3303K [0x0000000082600000, 0x0000000100000000)
  region size 1024K, 1 young (1024K), 1 survivors (1024K)
 Metaspace       used 8026K, capacity 11019K, committed 11264K, reserved 1058816K
  class space    used 941K, capacity 1257K, committed 1280K, reserved 1048576K
}
Event: 0.672 GC heap before
{Heap before GC invocations=6 (full 0):
 garbage-first heap   total 10240K, used 4327K [0x0000000082600000, 0x0000000100000000)
  region size 1024K, 3 young (3072K), 1 survivors (1024K)
 Metaspace       used 8149K, capacity 11086K, committed 11264K, reserved 1058816K
  class space    used 950K, capacity 1258K, committed 1280K, reserved 1048576K
}
Event: 0.675 GC heap after
{Heap after GC invocations=7 (full 0):
 garbage-first heap   total 10240K, used 4010K [0x0000000082600000, 0x0000000100000000)
  region size 1024K, 1 young (1024K), 1 survivors (1024K)
 Metaspace       used 8149K, capacity 11086K, committed 11264K, reserved 1058816K
  class space    used 950K, capacity 1258K, committed 1280K, reserved 1048576K
}
Event: 0.689 GC heap before
{Heap before GC invocations=7 (full 0):
 garbage-first heap   total 10240K, used 5034K [0x0000000082600000, 0x0000000100000000)
  region size 1024K, 2 young (2048K), 1 survivors (1024K)
 Metaspace       used 8165K, capacity 11086K, committed 11264K, reserved 1058816K
  class space    used 950K, capacity 1258K, committed 1280K, reserved 1048576K
}
Event: 0.692 GC heap after
{Heap after GC invocations=8 (full 0):
 garbage-first heap   total 10240K, used 4298K [0x0000000082600000, 0x0000000100000000)
  region size 1024K, 1 young (1024K), 1 survivors (1024K)
 Metaspace       used 8165K, capacity 11086K, committed 11264K, reserved 1058816K
  class space    used 950K, capacity 1258K, committed 1280K, reserved 1048576K
}
Event: 0.704 GC heap before
{Heap before GC invocations=8 (full 0):
 garbage-first heap   total 10240K, used 5322K [0x0000000082600000, 0x0000000100000000)
  region size 1024K, 2 young (2048K), 1 survivors (1024K)
 Metaspace       used 8179K, capacity 11086K, committed 11264K, reserved 1058816K
  class space    used 950K, capacity 1258K, committed 1280K, reserved 1048576K
}
Event: 0.706 GC heap after
{Heap after GC invocations=9 (full 0):
 garbage-first heap   total 13312K, used 4613K [0x0000000082600000, 0x0000000100000000)
  region size 1024K, 1 young (1024K), 1 survivors (1024K)
 Metaspace       used 8179K, capacity 11086K, committed 11264K, reserved 1058816K
  class space    used 950K, capacity 1258K, committed 1280K, reserved 1048576K
}

