# JRE version: Java(TM) SE Runtime Environment (13.0.1+9) (build 13.0.1+9)
# Java VM: Java HotSpot(TM) 64-Bit Server VM (13.0.1+9, mixed mode, sharing, tiered, compressed oops, g1 gc, windows-amd64)
Heap:
 garbage-first heap   total 10240K, used 3025K [0x0000000082600000, 0x0000000100000000)
  region size 1024K, 1 young (1024K), 1 survivors (1024K)
 Metaspace       used 7947K, capacity 10949K, committed 11008K, reserved 1058816K
  class space    used 939K, capacity 1255K, committed 1280K, reserved 1048576K
GC Heap History (11 events):
Event: 0.244 GC heap before
{Heap before GC invocations=0 (full 0):
 garbage-first heap   total 8192K, used 3072K [0x0000000082600000, 0x0000000100000000)
  region size 1024K, 3 young (3072K), 0 survivors (0K)
 Metaspace       used 2300K, capacity 5984K, committed 6016K, reserved 1056768K
  class space    used 267K, capacity 638K, committed 640K, reserved 1048576K
}
Event: 0.248 GC heap after
{Heap after GC invocations=1 (full 0):
 garbage-first heap   total 8192K, used 1273K [0x0000000082600000, 0x0000000100000000)
  region size 1024K, 1 young (1024K), 1 survivors (1024K)
 Metaspace       used 2300K, capacity 5984K, committed 6016K, reserved 1056768K
  class space    used 267K, capacity 638K, committed 640K, reserved 1048576K
}
Event: 0.297 GC heap before
{Heap before GC invocations=1 (full 0):
 garbage-first heap   total 8192K, used 2297K [0x0000000082600000, 0x0000000100000000)
  region size 1024K, 2 young (2048K), 1 survivors (1024K)
 Metaspace       used 2988K, capacity 6502K, committed 6656K, reserved 1056768K
  class space    used 349K, capacity 685K, committed 768K, reserved 1048576K
}
Event: 0.299 GC heap after
{Heap after GC invocations=2 (full 0):
 garbage-first heap   total 8192K, used 1674K [0x0000000082600000, 0x0000000100000000)
  region size 1024K, 1 young (1024K), 1 survivors (1024K)
 Metaspace       used 2988K, capacity 6502K, committed 6656K, reserved 1056768K
  class space    used 349K, capacity 685K, committed 768K, reserved 1048576K
}
Event: 0.388 GC heap before
{Heap before GC invocations=2 (full 0):
 garbage-first heap   total 8192K, used 2698K [0x0000000082600000, 0x0000000100000000)
  region size 1024K, 2 young (2048K), 1 survivors (1024K)
 Metaspace       used 5306K, capacity 8772K, committed 8960K, reserved 1056768K
  class space    used 655K, capacity 1016K, committed 1024K, reserved 1048576K
}
Event: 0.389 GC heap after
{Heap after GC invocations=3 (full 0):
 garbage-first heap   total 8192K, used 1789K [0x0000000082600000, 0x0000000100000000)
  region size 1024K, 1 young (1024K), 1 survivors (1024K)
 Metaspace       used 5306K, capacity 8772K, committed 8960K, reserved 1056768K
  class space    used 655K, capacity 1016K, committed 1024K, reserved 1048576K
}
Event: 0.434 GC heap before
{Heap before GC invocations=3 (full 0):
 garbage-first heap   total 8192K, used 2813K [0x0000000082600000, 0x0000000100000000)
  region size 1024K, 2 young (2048K), 1 survivors (1024K)
 Metaspace       used 6493K, capacity 9839K, committed 9856K, reserved 1058816K
  class space    used 797K, capacity 1140K, committed 1152K, reserved 1048576K
}
Event: 0.435 GC heap after
{Heap after GC invocations=4 (full 0):
 garbage-first heap   total 8192K, used 2211K [0x0000000082600000, 0x0000000100000000)
  region size 1024K, 1 young (1024K), 1 survivors (1024K)
 Metaspace       used 6493K, capacity 9839K, committed 9856K, reserved 1058816K
  class space    used 797K, capacity 1140K, committed 1152K, reserved 1048576K
}
Event: 0.509 GC heap before
{Heap before GC invocations=4 (full 0):
 garbage-first heap   total 8192K, used 3235K [0x0000000082600000, 0x0000000100000000)
  region size 1024K, 2 young (2048K), 1 survivors (1024K)
 Metaspace       used 7096K, capacity 10370K, committed 10496K, reserved 1058816K
  class space    used 873K, capacity 1211K, committed 1280K, reserved 1048576K
}
Event: 0.511 GC heap after
{Heap after GC invocations=5 (full 0):
 garbage-first heap   total 8192K, used 2649K [0x0000000082600000, 0x0000000100000000)
  region size 1024K, 1 young (1024K), 1 survivors (1024K)
 Metaspace       used 7096K, capacity 10370K, committed 10496K, reserved 1058816K
  class space    used 873K, capacity 1211K, committed 1280K, reserved 1048576K
}
Event: 0.571 GC heap before
{Heap before GC invocations=5 (full 0):
 garbage-first heap   total 8192K, used 3673K [0x0000000082600000, 0x0000000100000000)
  region size 1024K, 2 young (2048K), 1 survivors (1024K)
 Metaspace       used 7947K, capacity 10949K, committed 11008K, reserved 1058816K
  class space    used 939K, capacity 1255K, committed 1280K, reserved 1048576K
}

