# JRE version: Java(TM) SE Runtime Environment (13.0.1+9) (build 13.0.1+9)
# Java VM: Java HotSpot(TM) 64-Bit Server VM (13.0.1+9, mixed mode, sharing, tiered, compressed oops, g1 gc, windows-amd64)
Heap:
 garbage-first heap   total 37888K, used 10344K [0x0000000082600000, 0x0000000100000000)
  region size 1024K, 1 young (1024K), 1 survivors (1024K)
 Metaspace       used 9831K, capacity 12116K, committed 12160K, reserved 1060864K
  class space    used 1115K, capacity 1408K, committed 1408K, reserved 1048576K
GC Heap History (20 events):
Event: 0.506 GC heap after
{Heap after GC invocations=7 (full 0):
 garbage-first heap   total 10240K, used 3965K [0x0000000082600000, 0x0000000100000000)
  region size 1024K, 1 young (1024K), 1 survivors (1024K)
 Metaspace       used 8121K, capacity 11086K, committed 11264K, reserved 1058816K
  class space    used 950K, capacity 1258K, committed 1280K, reserved 1048576K
}
Event: 0.518 GC heap before
{Heap before GC invocations=7 (full 0):
 garbage-first heap   total 10240K, used 3965K [0x0000000082600000, 0x0000000100000000)
  region size 1024K, 2 young (2048K), 1 survivors (1024K)
 Metaspace       used 8139K, capacity 11086K, committed 11264K, reserved 1058816K
  class space    used 950K, capacity 1258K, committed 1280K, reserved 1048576K
}
Event: 0.520 GC heap after
{Heap after GC invocations=8 (full 0):
 garbage-first heap   total 10240K, used 4447K [0x0000000082600000, 0x0000000100000000)
  region size 1024K, 1 young (1024K), 1 survivors (1024K)
 Metaspace       used 8139K, capacity 11086K, committed 11264K, reserved 1058816K
  class space    used 950K, capacity 1258K, committed 1280K, reserved 1048576K
}
Event: 0.528 GC heap before
{Heap before GC invocations=8 (full 0):
 garbage-first heap   total 10240K, used 5471K [0x0000000082600000, 0x0000000100000000)
  region size 1024K, 2 young (2048K), 1 survivors (1024K)
 Metaspace       used 8146K, capacity 11086K, committed 11264K, reserved 1058816K
  class space    used 950K, capacity 1258K, committed 1280K, reserved 1048576K
}
Event: 0.529 GC heap after
{Heap after GC invocations=9 (full 0):
 garbage-first heap   total 14336K, used 4604K [0x0000000082600000, 0x0000000100000000)
  region size 1024K, 1 young (1024K), 1 survivors (1024K)
 Metaspace       used 8146K, capacity 11086K, committed 11264K, reserved 1058816K
  class space    used 950K, capacity 1258K, committed 1280K, reserved 1048576K
}
Event: 0.576 GC heap before
{Heap before GC invocations=9 (full 0):
 garbage-first heap   total 14336K, used 5628K [0x0000000082600000, 0x0000000100000000)
  region size 1024K, 3 young (3072K), 1 survivors (1024K)
 Metaspace       used 8380K, capacity 11204K, committed 11264K, reserved 1058816K
  class space    used 975K, capacity 1277K, committed 1280K, reserved 1048576K
}
Event: 0.579 GC heap after
{Heap after GC invocations=10 (full 0):
 garbage-first heap   total 14336K, used 5129K [0x0000000082600000, 0x0000000100000000)
  region size 1024K, 1 young (1024K), 1 survivors (1024K)
 Metaspace       used 8380K, capacity 11204K, committed 11264K, reserved 1058816K
  class space    used 975K, capacity 1277K, committed 1280K, reserved 1048576K
}
Event: 0.638 GC heap before
{Heap before GC invocations=10 (full 0):
 garbage-first heap   total 14336K, used 7177K [0x0000000082600000, 0x0000000100000000)
  region size 1024K, 3 young (3072K), 1 survivors (1024K)
 Metaspace       used 8876K, capacity 11490K, committed 11648K, reserved 1058816K
  class space    used 1041K, capacity 1330K, committed 1408K, reserved 1048576K
}
Event: 0.642 GC heap after
{Heap after GC invocations=11 (full 0):
 garbage-first heap   total 14336K, used 6204K [0x0000000082600000, 0x0000000100000000)
  region size 1024K, 1 young (1024K), 1 survivors (1024K)
 Metaspace       used 8876K, capacity 11490K, committed 11648K, reserved 1058816K
  class space    used 1041K, capacity 1330K, committed 1408K, reserved 1048576K
}
Event: 0.734 GC heap before
{Heap before GC invocations=11 (full 0):
 garbage-first heap   total 14336K, used 8252K [0x0000000082600000, 0x0000000100000000)
  region size 1024K, 3 young (3072K), 1 survivors (1024K)
 Metaspace       used 9170K, capacity 11568K, committed 11648K, reserved 1058816K
  class space    used 1063K, capacity 1335K, committed 1408K, reserved 1048576K
}
Event: 0.739 GC heap after
{Heap after GC invocations=12 (full 0):
 garbage-first heap   total 14336K, used 6934K [0x0000000082600000, 0x0000000100000000)
  region size 1024K, 1 young (1024K), 1 survivors (1024K)
 Metaspace       used 9170K, capacity 11568K, committed 11648K, reserved 1058816K
  class space    used 1063K, capacity 1335K, committed 1408K, reserved 1048576K
}
Event: 0.762 GC heap before
{Heap before GC invocations=12 (full 0):
 garbage-first heap   total 14336K, used 7958K [0x0000000082600000, 0x0000000100000000)
  region size 1024K, 2 young (2048K), 1 survivors (1024K)
 Metaspace       used 9261K, capacity 11652K, committed 11904K, reserved 1060864K
  class space    used 1074K, capacity 1342K, committed 1408K, reserved 1048576K
}
Event: 0.764 GC heap after
{Heap after GC invocations=13 (full 0):
 garbage-first heap   total 23552K, used 7227K [0x0000000082600000, 0x0000000100000000)
  region size 1024K, 1 young (1024K), 1 survivors (1024K)
 Metaspace       used 9261K, capacity 11652K, committed 11904K, reserved 1060864K
  class space    used 1074K, capacity 1342K, committed 1408K, reserved 1048576K
}
Event: 0.865 GC heap before
{Heap before GC invocations=14 (full 0):
 garbage-first heap   total 23552K, used 11323K [0x0000000082600000, 0x0000000100000000)
  region size 1024K, 5 young (5120K), 1 survivors (1024K)
 Metaspace       used 9592K, capacity 11903K, committed 12160K, reserved 1060864K
  class space    used 1104K, capacity 1404K, committed 1408K, reserved 1048576K
}
Event: 0.868 GC heap after
{Heap after GC invocations=15 (full 0):
 garbage-first heap   total 23552K, used 7846K [0x0000000082600000, 0x0000000100000000)
  region size 1024K, 1 young (1024K), 1 survivors (1024K)
 Metaspace       used 9592K, capacity 11903K, committed 12160K, reserved 1060864K
  class space    used 1104K, capacity 1404K, committed 1408K, reserved 1048576K
}
Event: 0.890 GC heap before
{Heap before GC invocations=15 (full 0):
 garbage-first heap   total 23552K, used 12966K [0x0000000082600000, 0x0000000100000000)
  region size 1024K, 6 young (6144K), 1 survivors (1024K)
 Metaspace       used 9668K, capacity 11979K, committed 12160K, reserved 1060864K
  class space    used 1112K, capacity 1408K, committed 1408K, reserved 1048576K
}
Event: 0.893 GC heap after
{Heap after GC invocations=16 (full 0):
 garbage-first heap   total 23552K, used 8634K [0x0000000082600000, 0x0000000100000000)
  region size 1024K, 1 young (1024K), 1 survivors (1024K)
 Metaspace       used 9668K, capacity 11979K, committed 12160K, reserved 1060864K
  class space    used 1112K, capacity 1408K, committed 1408K, reserved 1048576K
}
Event: 0.928 GC heap before
{Heap before GC invocations=16 (full 0):
 garbage-first heap   total 23552K, used 12730K [0x0000000082600000, 0x0000000100000000)
  region size 1024K, 5 young (5120K), 1 survivors (1024K)
 Metaspace       used 9747K, capacity 11984K, committed 12160K, reserved 1060864K
  class space    used 1115K, capacity 1408K, committed 1408K, reserved 1048576K
}
Event: 0.931 GC heap after
{Heap after GC invocations=17 (full 0):
 garbage-first heap   total 23552K, used 9465K [0x0000000082600000, 0x0000000100000000)
  region size 1024K, 1 young (1024K), 1 survivors (1024K)
 Metaspace       used 9747K, capacity 11984K, committed 12160K, reserved 1060864K
  class space    used 1115K, capacity 1408K, committed 1408K, reserved 1048576K
}
Event: 0.957 GC heap before
{Heap before GC invocations=17 (full 0):
 garbage-first heap   total 23552K, used 13561K [0x0000000082600000, 0x0000000100000000)
  region size 1024K, 5 young (5120K), 1 survivors (1024K)
 Metaspace       used 9831K, capacity 12116K, committed 12160K, reserved 1060864K
  class space    used 1115K, capacity 1408K, committed 1408K, reserved 1048576K
}

