# JRE version: Java(TM) SE Runtime Environment (13.0.1+9) (build 13.0.1+9)
# Java VM: Java HotSpot(TM) 64-Bit Server VM (13.0.1+9, mixed mode, sharing, tiered, compressed oops, g1 gc, windows-amd64)
Heap:
 garbage-first heap   total 19456K, used 6374K [0x0000000082600000, 0x0000000100000000)
  region size 1024K, 1 young (1024K), 1 survivors (1024K)
 Metaspace       used 8814K, capacity 11413K, committed 11648K, reserved 1058816K
  class space    used 1022K, capacity 1305K, committed 1408K, reserved 1048576K
GC Heap History (20 events):
Event: 0.948 GC heap after
{Heap after GC invocations=4 (full 0):
 garbage-first heap   total 8192K, used 2218K [0x0000000082600000, 0x0000000100000000)
  region size 1024K, 1 young (1024K), 1 survivors (1024K)
 Metaspace       used 6506K, capacity 9839K, committed 9856K, reserved 1058816K
  class space    used 803K, capacity 1140K, committed 1152K, reserved 1048576K
}
Event: 1.061 GC heap before
{Heap before GC invocations=4 (full 0):
 garbage-first heap   total 8192K, used 3242K [0x0000000082600000, 0x0000000100000000)
  region size 1024K, 2 young (2048K), 1 survivors (1024K)
 Metaspace       used 7213K, capacity 10504K, committed 10752K, reserved 1058816K
  class space    used 879K, capacity 1213K, committed 1280K, reserved 1048576K
}
Event: 1.064 GC heap after
{Heap after GC invocations=5 (full 0):
 garbage-first heap   total 8192K, used 2678K [0x0000000082600000, 0x0000000100000000)
  region size 1024K, 1 young (1024K), 1 survivors (1024K)
 Metaspace       used 7213K, capacity 10504K, committed 10752K, reserved 1058816K
  class space    used 879K, capacity 1213K, committed 1280K, reserved 1048576K
}
Event: 1.157 GC heap before
{Heap before GC invocations=5 (full 0):
 garbage-first heap   total 8192K, used 3702K [0x0000000082600000, 0x0000000100000000)
  region size 1024K, 2 young (2048K), 1 survivors (1024K)
 Metaspace       used 8053K, capacity 11019K, committed 11264K, reserved 1058816K
  class space    used 953K, capacity 1257K, committed 1280K, reserved 1048576K
}
Event: 1.161 GC heap after
{Heap after GC invocations=6 (full 0):
 garbage-first heap   total 10240K, used 3088K [0x0000000082600000, 0x0000000100000000)
  region size 1024K, 1 young (1024K), 1 survivors (1024K)
 Metaspace       used 8053K, capacity 11019K, committed 11264K, reserved 1058816K
  class space    used 953K, capacity 1257K, committed 1280K, reserved 1048576K
}
Event: 1.222 GC heap before
{Heap before GC invocations=6 (full 0):
 garbage-first heap   total 10240K, used 3088K [0x0000000082600000, 0x0000000100000000)
  region size 1024K, 2 young (2048K), 1 survivors (1024K)
 Metaspace       used 8154K, capacity 11089K, committed 11264K, reserved 1058816K
  class space    used 959K, capacity 1259K, committed 1280K, reserved 1048576K
}
Event: 1.227 GC heap after
{Heap after GC invocations=7 (full 0):
 garbage-first heap   total 10240K, used 3435K [0x0000000082600000, 0x0000000100000000)
  region size 1024K, 1 young (1024K), 1 survivors (1024K)
 Metaspace       used 8154K, capacity 11089K, committed 11264K, reserved 1058816K
  class space    used 959K, capacity 1259K, committed 1280K, reserved 1048576K
}
Event: 1.270 GC heap before
{Heap before GC invocations=7 (full 0):
 garbage-first heap   total 10240K, used 3435K [0x0000000082600000, 0x0000000100000000)
  region size 1024K, 2 young (2048K), 1 survivors (1024K)
 Metaspace       used 8191K, capacity 11089K, committed 11264K, reserved 1058816K
  class space    used 959K, capacity 1259K, committed 1280K, reserved 1048576K
}
Event: 1.273 GC heap after
{Heap after GC invocations=8 (full 0):
 garbage-first heap   total 10240K, used 3794K [0x0000000082600000, 0x0000000100000000)
  region size 1024K, 1 young (1024K), 1 survivors (1024K)
 Metaspace       used 8191K, capacity 11089K, committed 11264K, reserved 1058816K
  class space    used 959K, capacity 1259K, committed 1280K, reserved 1048576K
}
Event: 1.313 GC heap before
{Heap before GC invocations=8 (full 0):
 garbage-first heap   total 10240K, used 3794K [0x0000000082600000, 0x0000000100000000)
  region size 1024K, 2 young (2048K), 1 survivors (1024K)
 Metaspace       used 8294K, capacity 11092K, committed 11264K, reserved 1058816K
  class space    used 968K, capacity 1260K, committed 1280K, reserved 1048576K
}
Event: 1.316 GC heap after
{Heap after GC invocations=9 (full 0):
 garbage-first heap   total 10240K, used 4207K [0x0000000082600000, 0x0000000100000000)
  region size 1024K, 1 young (1024K), 1 survivors (1024K)
 Metaspace       used 8294K, capacity 11092K, committed 11264K, reserved 1058816K
  class space    used 968K, capacity 1260K, committed 1280K, reserved 1048576K
}
Event: 1.333 GC heap before
{Heap before GC invocations=9 (full 0):
 garbage-first heap   total 10240K, used 4207K [0x0000000082600000, 0x0000000100000000)
  region size 1024K, 2 young (2048K), 1 survivors (1024K)
 Metaspace       used 8311K, capacity 11156K, committed 11264K, reserved 1058816K
  class space    used 968K, capacity 1260K, committed 1280K, reserved 1048576K
}
Event: 1.336 GC heap after
{Heap after GC invocations=10 (full 0):
 garbage-first heap   total 13312K, used 4513K [0x0000000082600000, 0x0000000100000000)
  region size 1024K, 1 young (1024K), 1 survivors (1024K)
 Metaspace       used 8311K, capacity 11156K, committed 11264K, reserved 1058816K
  class space    used 968K, capacity 1260K, committed 1280K, reserved 1048576K
}
Event: 1.375 GC heap before
{Heap before GC invocations=10 (full 0):
 garbage-first heap   total 13312K, used 6561K [0x0000000082600000, 0x0000000100000000)
  region size 1024K, 3 young (3072K), 1 survivors (1024K)
 Metaspace       used 8346K, capacity 11159K, committed 11264K, reserved 1058816K
  class space    used 969K, capacity 1261K, committed 1280K, reserved 1048576K
}
Event: 1.379 GC heap after
{Heap after GC invocations=11 (full 0):
 garbage-first heap   total 13312K, used 5117K [0x0000000082600000, 0x0000000100000000)
  region size 1024K, 1 young (1024K), 1 survivors (1024K)
 Metaspace       used 8346K, capacity 11159K, committed 11264K, reserved 1058816K
  class space    used 969K, capacity 1261K, committed 1280K, reserved 1048576K
}
Event: 1.458 GC heap before
{Heap before GC invocations=11 (full 0):
 garbage-first heap   total 13312K, used 7165K [0x0000000082600000, 0x0000000100000000)
  region size 1024K, 3 young (3072K), 1 survivors (1024K)
 Metaspace       used 8713K, capacity 11381K, committed 11648K, reserved 1058816K
  class space    used 1012K, capacity 1294K, committed 1408K, reserved 1048576K
}
Event: 1.462 GC heap after
{Heap after GC invocations=12 (full 0):
 garbage-first heap   total 13312K, used 5848K [0x0000000082600000, 0x0000000100000000)
  region size 1024K, 1 young (1024K), 1 survivors (1024K)
 Metaspace       used 8713K, capacity 11381K, committed 11648K, reserved 1058816K
  class space    used 1012K, capacity 1294K, committed 1408K, reserved 1048576K
}
Event: 1.486 GC heap before
{Heap before GC invocations=12 (full 0):
 garbage-first heap   total 13312K, used 7896K [0x0000000082600000, 0x0000000100000000)
  region size 1024K, 3 young (3072K), 1 survivors (1024K)
 Metaspace       used 8792K, capacity 11410K, committed 11648K, reserved 1058816K
  class space    used 1020K, capacity 1304K, committed 1408K, reserved 1048576K
}
Event: 1.489 GC heap after
{Heap after GC invocations=13 (full 0):
 garbage-first heap   total 13312K, used 6311K [0x0000000082600000, 0x0000000100000000)
  region size 1024K, 1 young (1024K), 1 survivors (1024K)
 Metaspace       used 8792K, capacity 11410K, committed 11648K, reserved 1058816K
  class space    used 1020K, capacity 1304K, committed 1408K, reserved 1048576K
}
Event: 1.498 GC heap before
{Heap before GC invocations=13 (full 0):
 garbage-first heap   total 13312K, used 7335K [0x0000000082600000, 0x0000000100000000)
  region size 1024K, 2 young (2048K), 1 survivors (1024K)
 Metaspace       used 8814K, capacity 11413K, committed 11648K, reserved 1058816K
  class space    used 1022K, capacity 1305K, committed 1408K, reserved 1048576K
}

