# JRE version: Java(TM) SE Runtime Environment (13.0.1+9) (build 13.0.1+9)
# Java VM: Java HotSpot(TM) 64-Bit Server VM (13.0.1+9, mixed mode, sharing, tiered, compressed oops, g1 gc, windows-amd64)
Heap:
 garbage-first heap   total 131072K, used 19682K [0x0000000082600000, 0x0000000100000000)
  region size 1024K, 1 young (1024K), 1 survivors (1024K)
 Metaspace       used 12572K, capacity 14528K, committed 14720K, reserved 1062912K
  class space    used 1303K, capacity 1601K, committed 1664K, reserved 1048576K
GC Heap History (20 events):
Event: 0.849 GC heap after
{Heap after GC invocations=16 (full 0):
 garbage-first heap   total 20480K, used 8210K [0x0000000082600000, 0x0000000100000000)
  region size 1024K, 1 young (1024K), 1 survivors (1024K)
 Metaspace       used 9666K, capacity 11979K, committed 12160K, reserved 1060864K
  class space    used 1111K, capacity 1408K, committed 1408K, reserved 1048576K
}
Event: 0.854 GC heap before
{Heap before GC invocations=16 (full 0):
 garbage-first heap   total 20480K, used 11282K [0x0000000082600000, 0x0000000100000000)
  region size 1024K, 4 young (4096K), 1 survivors (1024K)
 Metaspace       used 9667K, capacity 11979K, committed 12160K, reserved 1060864K
  class space    used 1111K, capacity 1408K, committed 1408K, reserved 1048576K
}
Event: 0.856 GC heap after
{Heap after GC invocations=17 (full 0):
 garbage-first heap   total 20480K, used 8641K [0x0000000082600000, 0x0000000100000000)
  region size 1024K, 1 young (1024K), 1 survivors (1024K)
 Metaspace       used 9667K, capacity 11979K, committed 12160K, reserved 1060864K
  class space    used 1111K, capacity 1408K, committed 1408K, reserved 1048576K
}
Event: 0.875 GC heap before
{Heap before GC invocations=17 (full 0):
 garbage-first heap   total 20480K, used 11713K [0x0000000082600000, 0x0000000100000000)
  region size 1024K, 4 young (4096K), 1 survivors (1024K)
 Metaspace       used 9711K, capacity 11982K, committed 12160K, reserved 1060864K
  class space    used 1114K, capacity 1408K, committed 1408K, reserved 1048576K
}
Event: 0.877 GC heap after
{Heap after GC invocations=18 (full 0):
 garbage-first heap   total 32768K, used 9640K [0x0000000082600000, 0x0000000100000000)
  region size 1024K, 1 young (1024K), 1 survivors (1024K)
 Metaspace       used 9711K, capacity 11982K, committed 12160K, reserved 1060864K
  class space    used 1114K, capacity 1408K, committed 1408K, reserved 1048576K
}
Event: 0.938 GC heap before
{Heap before GC invocations=18 (full 0):
 garbage-first heap   total 32768K, used 16808K [0x0000000082600000, 0x0000000100000000)
  region size 1024K, 8 young (8192K), 1 survivors (1024K)
 Metaspace       used 9865K, capacity 12116K, committed 12160K, reserved 1060864K
  class space    used 1115K, capacity 1408K, committed 1408K, reserved 1048576K
}
Event: 0.943 GC heap after
{Heap after GC invocations=19 (full 0):
 garbage-first heap   total 32768K, used 10652K [0x0000000082600000, 0x0000000100000000)
  region size 1024K, 1 young (1024K), 1 survivors (1024K)
 Metaspace       used 9865K, capacity 12116K, committed 12160K, reserved 1060864K
  class space    used 1115K, capacity 1408K, committed 1408K, reserved 1048576K
}
Event: 0.975 GC heap before
{Heap before GC invocations=19 (full 0):
 garbage-first heap   total 32768K, used 17820K [0x0000000082600000, 0x0000000100000000)
  region size 1024K, 8 young (8192K), 1 survivors (1024K)
 Metaspace       used 9920K, capacity 12181K, committed 12416K, reserved 1060864K
  class space    used 1115K, capacity 1408K, committed 1408K, reserved 1048576K
}
Event: 0.981 GC heap after
{Heap after GC invocations=20 (full 0):
 garbage-first heap   total 32768K, used 11890K [0x0000000082600000, 0x0000000100000000)
  region size 1024K, 1 young (1024K), 1 survivors (1024K)
 Metaspace       used 9920K, capacity 12181K, committed 12416K, reserved 1060864K
  class space    used 1115K, capacity 1408K, committed 1408K, reserved 1048576K
}
Event: 1.040 GC heap before
{Heap before GC invocations=20 (full 0):
 garbage-first heap   total 32768K, used 20082K [0x0000000082600000, 0x0000000100000000)
  region size 1024K, 8 young (8192K), 1 survivors (1024K)
 Metaspace       used 10046K, capacity 12255K, committed 12416K, reserved 1060864K
  class space    used 1115K, capacity 1408K, committed 1408K, reserved 1048576K
}
Event: 1.046 GC heap after
{Heap after GC invocations=21 (full 0):
 garbage-first heap   total 32768K, used 14439K [0x0000000082600000, 0x0000000100000000)
  region size 1024K, 1 young (1024K), 1 survivors (1024K)
 Metaspace       used 10046K, capacity 12255K, committed 12416K, reserved 1060864K
  class space    used 1115K, capacity 1408K, committed 1408K, reserved 1048576K
}
Event: 1.075 GC heap before
{Heap before GC invocations=21 (full 0):
 garbage-first heap   total 32768K, used 20583K [0x0000000082600000, 0x0000000100000000)
  region size 1024K, 7 young (7168K), 1 survivors (1024K)
 Metaspace       used 10092K, capacity 12329K, committed 12544K, reserved 1060864K
  class space    used 1117K, capacity 1409K, committed 1536K, reserved 1048576K
}
Event: 1.080 GC heap after
{Heap after GC invocations=22 (full 0):
 garbage-first heap   total 65536K, used 15378K [0x0000000082600000, 0x0000000100000000)
  region size 1024K, 1 young (1024K), 1 survivors (1024K)
 Metaspace       used 10092K, capacity 12329K, committed 12544K, reserved 1060864K
  class space    used 1117K, capacity 1409K, committed 1536K, reserved 1048576K
}
Event: 1.590 GC heap before
{Heap before GC invocations=22 (full 0):
 garbage-first heap   total 65536K, used 30738K [0x0000000082600000, 0x0000000100000000)
  region size 1024K, 16 young (16384K), 1 survivors (1024K)
 Metaspace       used 11931K, capacity 13986K, committed 14208K, reserved 1062912K
  class space    used 1290K, capacity 1595K, committed 1664K, reserved 1048576K
}
Event: 1.598 GC heap after
{Heap after GC invocations=23 (full 0):
 garbage-first heap   total 65536K, used 17146K [0x0000000082600000, 0x0000000100000000)
  region size 1024K, 2 young (2048K), 2 survivors (2048K)
 Metaspace       used 11931K, capacity 13986K, committed 14208K, reserved 1062912K
  class space    used 1290K, capacity 1595K, committed 1664K, reserved 1048576K
}
Event: 1.911 GC heap before
{Heap before GC invocations=23 (full 0):
 garbage-first heap   total 65536K, used 36602K [0x0000000082600000, 0x0000000100000000)
  region size 1024K, 21 young (21504K), 2 survivors (2048K)
 Metaspace       used 12290K, capacity 14326K, committed 14464K, reserved 1062912K
  class space    used 1302K, capacity 1601K, committed 1664K, reserved 1048576K
}
Event: 1.922 GC heap after
{Heap after GC invocations=24 (full 0):
 garbage-first heap   total 65536K, used 18685K [0x0000000082600000, 0x0000000100000000)
  region size 1024K, 3 young (3072K), 3 survivors (3072K)
 Metaspace       used 12290K, capacity 14326K, committed 14464K, reserved 1062912K
  class space    used 1302K, capacity 1601K, committed 1664K, reserved 1048576K
}
Event: 2.184 GC heap before
{Heap before GC invocations=24 (full 0):
 garbage-first heap   total 65536K, used 39165K [0x0000000082600000, 0x0000000100000000)
  region size 1024K, 23 young (23552K), 3 survivors (3072K)
 Metaspace       used 12456K, capacity 14463K, committed 14720K, reserved 1062912K
  class space    used 1302K, capacity 1601K, committed 1664K, reserved 1048576K
}
Event: 2.196 GC heap after
{Heap after GC invocations=25 (full 0):
 garbage-first heap   total 65536K, used 19298K [0x0000000082600000, 0x0000000100000000)
  region size 1024K, 2 young (2048K), 2 survivors (2048K)
 Metaspace       used 12456K, capacity 14463K, committed 14720K, reserved 1062912K
  class space    used 1302K, capacity 1601K, committed 1664K, reserved 1048576K
}
Event: 2.561 GC heap before
{Heap before GC invocations=25 (full 0):
 garbage-first heap   total 65536K, used 40802K [0x0000000082600000, 0x0000000100000000)
  region size 1024K, 23 young (23552K), 2 survivors (2048K)
 Metaspace       used 12572K, capacity 14528K, committed 14720K, reserved 1062912K
  class space    used 1303K, capacity 1601K, committed 1664K, reserved 1048576K
}

