# JRE version: Java(TM) SE Runtime Environment (13.0.1+9) (build 13.0.1+9)
# Java VM: Java HotSpot(TM) 64-Bit Server VM (13.0.1+9, mixed mode, sharing, tiered, compressed oops, g1 gc, windows-amd64)
Heap:
 garbage-first heap   total 10240K, used 4719K [0x0000000082600000, 0x0000000100000000)
  region size 1024K, 3 young (3072K), 1 survivors (1024K)
 Metaspace       used 8033K, capacity 11019K, committed 11264K, reserved 1058816K
  class space    used 943K, capacity 1257K, committed 1280K, reserved 1048576K
GC Heap History (10 events):
Event: 0.355 GC heap before
{Heap before GC invocations=0 (full 0):
 garbage-first heap   total 8192K, used 3072K [0x0000000082600000, 0x0000000100000000)
  region size 1024K, 3 young (3072K), 0 survivors (0K)
 Metaspace       used 2299K, capacity 5984K, committed 6016K, reserved 1056768K
  class space    used 267K, capacity 638K, committed 640K, reserved 1048576K
}
Event: 0.360 GC heap after
{Heap after GC invocations=1 (full 0):
 garbage-first heap   total 8192K, used 1117K [0x0000000082600000, 0x0000000100000000)
  region size 1024K, 1 young (1024K), 1 survivors (1024K)
 Metaspace       used 2299K, capacity 5984K, committed 6016K, reserved 1056768K
  class space    used 267K, capacity 638K, committed 640K, reserved 1048576K
}
Event: 0.419 GC heap before
{Heap before GC invocations=1 (full 0):
 garbage-first heap   total 8192K, used 2141K [0x0000000082600000, 0x0000000100000000)
  region size 1024K, 2 young (2048K), 1 survivors (1024K)
 Metaspace       used 3033K, capacity 6502K, committed 6656K, reserved 1056768K
  class space    used 350K, capacity 685K, committed 768K, reserved 1048576K
}
Event: 0.423 GC heap after
{Heap after GC invocations=2 (full 0):
 garbage-first heap   total 8192K, used 1652K [0x0000000082600000, 0x0000000100000000)
  region size 1024K, 1 young (1024K), 1 survivors (1024K)
 Metaspace       used 3033K, capacity 6502K, committed 6656K, reserved 1056768K
  class space    used 350K, capacity 685K, committed 768K, reserved 1048576K
}
Event: 0.533 GC heap before
{Heap before GC invocations=2 (full 0):
 garbage-first heap   total 8192K, used 2676K [0x0000000082600000, 0x0000000100000000)
  region size 1024K, 2 young (2048K), 1 survivors (1024K)
 Metaspace       used 5315K, capacity 8772K, committed 8960K, reserved 1056768K
  class space    used 658K, capacity 1016K, committed 1024K, reserved 1048576K
}
Event: 0.535 GC heap after
{Heap after GC invocations=3 (full 0):
 garbage-first heap   total 8192K, used 1814K [0x0000000082600000, 0x0000000100000000)
  region size 1024K, 1 young (1024K), 1 survivors (1024K)
 Metaspace       used 5315K, capacity 8772K, committed 8960K, reserved 1056768K
  class space    used 658K, capacity 1016K, committed 1024K, reserved 1048576K
}
Event: 0.613 GC heap before
{Heap before GC invocations=3 (full 0):
 garbage-first heap   total 8192K, used 2838K [0x0000000082600000, 0x0000000100000000)
  region size 1024K, 2 young (2048K), 1 survivors (1024K)
 Metaspace       used 6507K, capacity 9839K, committed 9856K, reserved 1058816K
  class space    used 801K, capacity 1140K, committed 1152K, reserved 1048576K
}
Event: 0.615 GC heap after
{Heap after GC invocations=4 (full 0):
 garbage-first heap   total 8192K, used 2195K [0x0000000082600000, 0x0000000100000000)
  region size 1024K, 1 young (1024K), 1 survivors (1024K)
 Metaspace       used 6507K, capacity 9839K, committed 9856K, reserved 1058816K
  class space    used 801K, capacity 1140K, committed 1152K, reserved 1048576K
}
Event: 0.758 GC heap before
{Heap before GC invocations=4 (full 0):
 garbage-first heap   total 8192K, used 3219K [0x0000000082600000, 0x0000000100000000)
  region size 1024K, 2 young (2048K), 1 survivors (1024K)
 Metaspace       used 7112K, capacity 10373K, committed 10496K, reserved 1058816K
  class space    used 878K, capacity 1212K, committed 1280K, reserved 1048576K
}
Event: 0.760 GC heap after
{Heap after GC invocations=5 (full 0):
 garbage-first heap   total 10240K, used 2684K [0x0000000082600000, 0x0000000100000000)
  region size 1024K, 1 young (1024K), 1 survivors (1024K)
 Metaspace       used 7112K, capacity 10373K, committed 10496K, reserved 1058816K
  class space    used 878K, capacity 1212K, committed 1280K, reserved 1048576K
}

