# JRE version: Java(TM) SE Runtime Environment (13.0.1+9) (build 13.0.1+9)
# Java VM: Java HotSpot(TM) 64-Bit Server VM (13.0.1+9, mixed mode, sharing, tiered, compressed oops, g1 gc, windows-amd64)
Heap:
 garbage-first heap   total 84992K, used 17376K [0x0000000082600000, 0x0000000100000000)
  region size 1024K, 2 young (2048K), 2 survivors (2048K)
 Metaspace       used 11347K, capacity 13355K, committed 13696K, reserved 1060864K
  class space    used 1253K, capacity 1558K, committed 1664K, reserved 1048576K
GC Heap History (20 events):
Event: 0.586 GC heap before
{Heap before GC invocations=10 (full 0):
 garbage-first heap   total 14336K, used 7305K [0x0000000082600000, 0x0000000100000000)
  region size 1024K, 3 young (3072K), 1 survivors (1024K)
 Metaspace       used 8921K, capacity 11489K, committed 11648K, reserved 1058816K
  class space    used 1041K, capacity 1330K, committed 1408K, reserved 1048576K
}
Event: 0.588 GC heap after
{Heap after GC invocations=11 (full 0):
 garbage-first heap   total 14336K, used 6317K [0x0000000082600000, 0x0000000100000000)
  region size 1024K, 1 young (1024K), 1 survivors (1024K)
 Metaspace       used 8921K, capacity 11489K, committed 11648K, reserved 1058816K
  class space    used 1041K, capacity 1330K, committed 1408K, reserved 1048576K
}
Event: 0.630 GC heap before
{Heap before GC invocations=11 (full 0):
 garbage-first heap   total 14336K, used 8365K [0x0000000082600000, 0x0000000100000000)
  region size 1024K, 3 young (3072K), 1 survivors (1024K)
 Metaspace       used 9179K, capacity 11558K, committed 11648K, reserved 1058816K
  class space    used 1061K, capacity 1332K, committed 1408K, reserved 1048576K
}
Event: 0.634 GC heap after
{Heap after GC invocations=12 (full 0):
 garbage-first heap   total 14336K, used 7125K [0x0000000082600000, 0x0000000100000000)
  region size 1024K, 1 young (1024K), 1 survivors (1024K)
 Metaspace       used 9179K, capacity 11558K, committed 11648K, reserved 1058816K
  class space    used 1061K, capacity 1332K, committed 1408K, reserved 1048576K
}
Event: 0.662 GC heap before
{Heap before GC invocations=12 (full 0):
 garbage-first heap   total 14336K, used 8149K [0x0000000082600000, 0x0000000100000000)
  region size 1024K, 2 young (2048K), 1 survivors (1024K)
 Metaspace       used 9344K, capacity 11662K, committed 11904K, reserved 1060864K
  class space    used 1079K, capacity 1346K, committed 1408K, reserved 1048576K
}
Event: 0.663 GC heap after
{Heap after GC invocations=13 (full 0):
 garbage-first heap   total 22528K, used 7419K [0x0000000082600000, 0x0000000100000000)
  region size 1024K, 1 young (1024K), 1 survivors (1024K)
 Metaspace       used 9344K, capacity 11662K, committed 11904K, reserved 1060864K
  class space    used 1079K, capacity 1346K, committed 1408K, reserved 1048576K
}
Event: 0.696 GC heap before
{Heap before GC invocations=14 (full 0):
 garbage-first heap   total 22528K, used 11515K [0x0000000082600000, 0x0000000100000000)
  region size 1024K, 5 young (5120K), 1 survivors (1024K)
 Metaspace       used 9453K, capacity 11678K, committed 11904K, reserved 1060864K
  class space    used 1086K, capacity 1351K, committed 1408K, reserved 1048576K
}
Event: 0.698 GC heap after
{Heap after GC invocations=15 (full 0):
 garbage-first heap   total 22528K, used 7867K [0x0000000082600000, 0x0000000100000000)
  region size 1024K, 1 young (1024K), 1 survivors (1024K)
 Metaspace       used 9453K, capacity 11678K, committed 11904K, reserved 1060864K
  class space    used 1086K, capacity 1351K, committed 1408K, reserved 1048576K
}
Event: 0.717 GC heap before
{Heap before GC invocations=15 (full 0):
 garbage-first heap   total 22528K, used 12987K [0x0000000082600000, 0x0000000100000000)
  region size 1024K, 6 young (6144K), 1 survivors (1024K)
 Metaspace       used 9487K, capacity 11682K, committed 11904K, reserved 1060864K
  class space    used 1086K, capacity 1351K, committed 1408K, reserved 1048576K
}
Event: 0.720 GC heap after
{Heap after GC invocations=16 (full 0):
 garbage-first heap   total 22528K, used 8440K [0x0000000082600000, 0x0000000100000000)
  region size 1024K, 1 young (1024K), 1 survivors (1024K)
 Metaspace       used 9487K, capacity 11682K, committed 11904K, reserved 1060864K
  class space    used 1086K, capacity 1351K, committed 1408K, reserved 1048576K
}
Event: 0.754 GC heap before
{Heap before GC invocations=16 (full 0):
 garbage-first heap   total 22528K, used 12536K [0x0000000082600000, 0x0000000100000000)
  region size 1024K, 5 young (5120K), 1 survivors (1024K)
 Metaspace       used 9742K, capacity 11973K, committed 12160K, reserved 1060864K
  class space    used 1116K, capacity 1405K, committed 1408K, reserved 1048576K
}
Event: 0.757 GC heap after
{Heap after GC invocations=17 (full 0):
 garbage-first heap   total 22528K, used 9563K [0x0000000082600000, 0x0000000100000000)
  region size 1024K, 1 young (1024K), 1 survivors (1024K)
 Metaspace       used 9742K, capacity 11973K, committed 12160K, reserved 1060864K
  class space    used 1116K, capacity 1405K, committed 1408K, reserved 1048576K
}
Event: 0.793 GC heap before
{Heap before GC invocations=17 (full 0):
 garbage-first heap   total 22528K, used 13659K [0x0000000082600000, 0x0000000100000000)
  region size 1024K, 5 young (5120K), 1 survivors (1024K)
 Metaspace       used 9849K, capacity 12051K, committed 12160K, reserved 1060864K
  class space    used 1117K, capacity 1408K, committed 1408K, reserved 1048576K
}
Event: 0.797 GC heap after
{Heap after GC invocations=18 (full 0):
 garbage-first heap   total 39936K, used 10532K [0x0000000082600000, 0x0000000100000000)
  region size 1024K, 1 young (1024K), 1 survivors (1024K)
 Metaspace       used 9849K, capacity 12051K, committed 12160K, reserved 1060864K
  class space    used 1117K, capacity 1408K, committed 1408K, reserved 1048576K
}
Event: 0.825 GC heap before
{Heap before GC invocations=18 (full 0):
 garbage-first heap   total 39936K, used 18724K [0x0000000082600000, 0x0000000100000000)
  region size 1024K, 9 young (9216K), 1 survivors (1024K)
 Metaspace       used 9932K, capacity 12117K, committed 12160K, reserved 1060864K
  class space    used 1118K, capacity 1408K, committed 1408K, reserved 1048576K
}
Event: 0.830 GC heap after
{Heap after GC invocations=19 (full 0):
 garbage-first heap   total 39936K, used 11641K [0x0000000082600000, 0x0000000100000000)
  region size 1024K, 2 young (2048K), 2 survivors (2048K)
 Metaspace       used 9932K, capacity 12117K, committed 12160K, reserved 1060864K
  class space    used 1118K, capacity 1408K, committed 1408K, reserved 1048576K
}
Event: 0.891 GC heap before
{Heap before GC invocations=19 (full 0):
 garbage-first heap   total 39936K, used 21881K [0x0000000082600000, 0x0000000100000000)
  region size 1024K, 11 young (11264K), 2 survivors (2048K)
 Metaspace       used 10229K, capacity 12267K, committed 12544K, reserved 1060864K
  class space    used 1139K, capacity 1413K, committed 1536K, reserved 1048576K
}
Event: 0.897 GC heap after
{Heap after GC invocations=20 (full 0):
 garbage-first heap   total 39936K, used 14700K [0x0000000082600000, 0x0000000100000000)
  region size 1024K, 2 young (2048K), 2 survivors (2048K)
 Metaspace       used 10229K, capacity 12267K, committed 12544K, reserved 1060864K
  class space    used 1139K, capacity 1413K, committed 1536K, reserved 1048576K
}
Event: 0.973 GC heap before
{Heap before GC invocations=20 (full 0):
 garbage-first heap   total 39936K, used 23916K [0x0000000082600000, 0x0000000100000000)
  region size 1024K, 11 young (11264K), 2 survivors (2048K)
 Metaspace       used 10729K, capacity 12775K, committed 13056K, reserved 1060864K
  class space    used 1201K, capacity 1472K, committed 1536K, reserved 1048576K
}
Event: 0.979 GC heap after
{Heap after GC invocations=21 (full 0):
 garbage-first heap   total 39936K, used 16144K [0x0000000082600000, 0x0000000100000000)
  region size 1024K, 2 young (2048K), 2 survivors (2048K)
 Metaspace       used 10729K, capacity 12775K, committed 13056K, reserved 1060864K
  class space    used 1201K, capacity 1472K, committed 1536K, reserved 1048576K
}

