# JRE version: Java(TM) SE Runtime Environment (13.0.1+9) (build 13.0.1+9)
# Java VM: Java HotSpot(TM) 64-Bit Server VM (13.0.1+9, mixed mode, sharing, tiered, compressed oops, g1 gc, windows-amd64)
Heap:
 garbage-first heap   total 10240K, used 3699K [0x0000000082600000, 0x0000000100000000)
  region size 1024K, 3 young (3072K), 1 survivors (1024K)
 Metaspace       used 7979K, capacity 11019K, committed 11264K, reserved 1058816K
  class space    used 941K, capacity 1257K, committed 1280K, reserved 1048576K
GC Heap History (10 events):
Event: 0.159 GC heap before
{Heap before GC invocations=0 (full 0):
 garbage-first heap   total 8192K, used 3072K [0x0000000082600000, 0x0000000100000000)
  region size 1024K, 3 young (3072K), 0 survivors (0K)
 Metaspace       used 2295K, capacity 5984K, committed 6016K, reserved 1056768K
  class space    used 267K, capacity 638K, committed 640K, reserved 1048576K
}
Event: 0.161 GC heap after
{Heap after GC invocations=1 (full 0):
 garbage-first heap   total 8192K, used 1112K [0x0000000082600000, 0x0000000100000000)
  region size 1024K, 1 young (1024K), 1 survivors (1024K)
 Metaspace       used 2295K, capacity 5984K, committed 6016K, reserved 1056768K
  class space    used 267K, capacity 638K, committed 640K, reserved 1048576K
}
Event: 0.190 GC heap before
{Heap before GC invocations=1 (full 0):
 garbage-first heap   total 8192K, used 2136K [0x0000000082600000, 0x0000000100000000)
  region size 1024K, 2 young (2048K), 1 survivors (1024K)
 Metaspace       used 3015K, capacity 6502K, committed 6656K, reserved 1056768K
  class space    used 350K, capacity 685K, committed 768K, reserved 1048576K
}
Event: 0.192 GC heap after
{Heap after GC invocations=2 (full 0):
 garbage-first heap   total 8192K, used 1649K [0x0000000082600000, 0x0000000100000000)
  region size 1024K, 1 young (1024K), 1 survivors (1024K)
 Metaspace       used 3015K, capacity 6502K, committed 6656K, reserved 1056768K
  class space    used 350K, capacity 685K, committed 768K, reserved 1048576K
}
Event: 0.253 GC heap before
{Heap before GC invocations=2 (full 0):
 garbage-first heap   total 8192K, used 2673K [0x0000000082600000, 0x0000000100000000)
  region size 1024K, 2 young (2048K), 1 survivors (1024K)
 Metaspace       used 5299K, capacity 8772K, committed 8960K, reserved 1056768K
  class space    used 655K, capacity 1016K, committed 1024K, reserved 1048576K
}
Event: 0.254 GC heap after
{Heap after GC invocations=3 (full 0):
 garbage-first heap   total 8192K, used 1772K [0x0000000082600000, 0x0000000100000000)
  region size 1024K, 1 young (1024K), 1 survivors (1024K)
 Metaspace       used 5299K, capacity 8772K, committed 8960K, reserved 1056768K
  class space    used 655K, capacity 1016K, committed 1024K, reserved 1048576K
}
Event: 0.293 GC heap before
{Heap before GC invocations=3 (full 0):
 garbage-first heap   total 8192K, used 2796K [0x0000000082600000, 0x0000000100000000)
  region size 1024K, 2 young (2048K), 1 survivors (1024K)
 Metaspace       used 6494K, capacity 9839K, committed 9856K, reserved 1058816K
  class space    used 798K, capacity 1140K, committed 1152K, reserved 1048576K
}
Event: 0.294 GC heap after
{Heap after GC invocations=4 (full 0):
 garbage-first heap   total 8192K, used 2198K [0x0000000082600000, 0x0000000100000000)
  region size 1024K, 1 young (1024K), 1 survivors (1024K)
 Metaspace       used 6494K, capacity 9839K, committed 9856K, reserved 1058816K
  class space    used 798K, capacity 1140K, committed 1152K, reserved 1048576K
}
Event: 0.352 GC heap before
{Heap before GC invocations=4 (full 0):
 garbage-first heap   total 8192K, used 3222K [0x0000000082600000, 0x0000000100000000)
  region size 1024K, 2 young (2048K), 1 survivors (1024K)
 Metaspace       used 7097K, capacity 10370K, committed 10496K, reserved 1058816K
  class space    used 875K, capacity 1211K, committed 1280K, reserved 1048576K
}
Event: 0.354 GC heap after
{Heap after GC invocations=5 (full 0):
 garbage-first heap   total 10240K, used 2675K [0x0000000082600000, 0x0000000100000000)
  region size 1024K, 1 young (1024K), 1 survivors (1024K)
 Metaspace       used 7097K, capacity 10370K, committed 10496K, reserved 1058816K
  class space    used 875K, capacity 1211K, committed 1280K, reserved 1048576K
}

