# JRE version: Java(TM) SE Runtime Environment (13.0.1+9) (build 13.0.1+9)
# Java VM: Java HotSpot(TM) 64-Bit Server VM (13.0.1+9, mixed mode, sharing, tiered, compressed oops, g1 gc, windows-amd64)
Heap:
 garbage-first heap   total 10240K, used 4693K [0x0000000082600000, 0x0000000100000000)
  region size 1024K, 3 young (3072K), 1 survivors (1024K)
 Metaspace       used 7985K, capacity 11019K, committed 11264K, reserved 1058816K
  class space    used 943K, capacity 1257K, committed 1280K, reserved 1048576K
GC Heap History (10 events):
Event: 0.197 GC heap before
{Heap before GC invocations=0 (full 0):
 garbage-first heap   total 8192K, used 3072K [0x0000000082600000, 0x0000000100000000)
  region size 1024K, 3 young (3072K), 0 survivors (0K)
 Metaspace       used 2298K, capacity 5984K, committed 6016K, reserved 1056768K
  class space    used 267K, capacity 638K, committed 640K, reserved 1048576K
}
Event: 0.199 GC heap after
{Heap after GC invocations=1 (full 0):
 garbage-first heap   total 8192K, used 1271K [0x0000000082600000, 0x0000000100000000)
  region size 1024K, 1 young (1024K), 1 survivors (1024K)
 Metaspace       used 2298K, capacity 5984K, committed 6016K, reserved 1056768K
  class space    used 267K, capacity 638K, committed 640K, reserved 1048576K
}
Event: 0.237 GC heap before
{Heap before GC invocations=1 (full 0):
 garbage-first heap   total 8192K, used 2295K [0x0000000082600000, 0x0000000100000000)
  region size 1024K, 2 young (2048K), 1 survivors (1024K)
 Metaspace       used 3309K, capacity 6822K, committed 6912K, reserved 1056768K
  class space    used 386K, capacity 749K, committed 768K, reserved 1048576K
}
Event: 0.239 GC heap after
{Heap after GC invocations=2 (full 0):
 garbage-first heap   total 8192K, used 1727K [0x0000000082600000, 0x0000000100000000)
  region size 1024K, 1 young (1024K), 1 survivors (1024K)
 Metaspace       used 3309K, capacity 6822K, committed 6912K, reserved 1056768K
  class space    used 386K, capacity 749K, committed 768K, reserved 1048576K
}
Event: 0.336 GC heap before
{Heap before GC invocations=2 (full 0):
 garbage-first heap   total 8192K, used 1727K [0x0000000082600000, 0x0000000100000000)
  region size 1024K, 2 young (2048K), 1 survivors (1024K)
 Metaspace       used 5392K, capacity 8836K, committed 8960K, reserved 1056768K
  class space    used 664K, capacity 1016K, committed 1024K, reserved 1048576K
}
Event: 0.338 GC heap after
{Heap after GC invocations=3 (full 0):
 garbage-first heap   total 8192K, used 1927K [0x0000000082600000, 0x0000000100000000)
  region size 1024K, 1 young (1024K), 1 survivors (1024K)
 Metaspace       used 5392K, capacity 8836K, committed 8960K, reserved 1056768K
  class space    used 664K, capacity 1016K, committed 1024K, reserved 1048576K
}
Event: 0.382 GC heap before
{Heap before GC invocations=3 (full 0):
 garbage-first heap   total 8192K, used 2951K [0x0000000082600000, 0x0000000100000000)
  region size 1024K, 2 young (2048K), 1 survivors (1024K)
 Metaspace       used 6556K, capacity 9934K, committed 10240K, reserved 1058816K
  class space    used 815K, capacity 1172K, committed 1280K, reserved 1048576K
}
Event: 0.383 GC heap after
{Heap after GC invocations=4 (full 0):
 garbage-first heap   total 8192K, used 2307K [0x0000000082600000, 0x0000000100000000)
  region size 1024K, 1 young (1024K), 1 survivors (1024K)
 Metaspace       used 6556K, capacity 9934K, committed 10240K, reserved 1058816K
  class space    used 815K, capacity 1172K, committed 1280K, reserved 1048576K
}
Event: 0.450 GC heap before
{Heap before GC invocations=4 (full 0):
 garbage-first heap   total 8192K, used 2307K [0x0000000082600000, 0x0000000100000000)
  region size 1024K, 2 young (2048K), 1 survivors (1024K)
 Metaspace       used 7493K, capacity 10800K, committed 11008K, reserved 1058816K
  class space    used 903K, capacity 1248K, committed 1280K, reserved 1048576K
}
Event: 0.452 GC heap after
{Heap after GC invocations=5 (full 0):
 garbage-first heap   total 10240K, used 2674K [0x0000000082600000, 0x0000000100000000)
  region size 1024K, 1 young (1024K), 1 survivors (1024K)
 Metaspace       used 7493K, capacity 10800K, committed 11008K, reserved 1058816K
  class space    used 903K, capacity 1248K, committed 1280K, reserved 1048576K
}

