# JRE version: Java(TM) SE Runtime Environment (13.0.1+9) (build 13.0.1+9)
# Java VM: Java HotSpot(TM) 64-Bit Server VM (13.0.1+9, mixed mode, sharing, tiered, compressed oops, g1 gc, windows-amd64)
Heap:
 garbage-first heap   total 10240K, used 2702K [0x0000000082600000, 0x0000000100000000)
  region size 1024K, 1 young (1024K), 1 survivors (1024K)
 Metaspace       used 7088K, capacity 10370K, committed 10496K, reserved 1058816K
  class space    used 873K, capacity 1211K, committed 1280K, reserved 1048576K
GC Heap History (9 events):
Event: 0.171 GC heap before
{Heap before GC invocations=0 (full 0):
 garbage-first heap   total 8192K, used 3072K [0x0000000082600000, 0x0000000100000000)
  region size 1024K, 3 young (3072K), 0 survivors (0K)
 Metaspace       used 2298K, capacity 5984K, committed 6016K, reserved 1056768K
  class space    used 267K, capacity 638K, committed 640K, reserved 1048576K
}
Event: 0.173 GC heap after
{Heap after GC invocations=1 (full 0):
 garbage-first heap   total 8192K, used 1273K [0x0000000082600000, 0x0000000100000000)
  region size 1024K, 1 young (1024K), 1 survivors (1024K)
 Metaspace       used 2298K, capacity 5984K, committed 6016K, reserved 1056768K
  class space    used 267K, capacity 638K, committed 640K, reserved 1048576K
}
Event: 0.205 GC heap before
{Heap before GC invocations=1 (full 0):
 garbage-first heap   total 8192K, used 2297K [0x0000000082600000, 0x0000000100000000)
  region size 1024K, 2 young (2048K), 1 survivors (1024K)
 Metaspace       used 2976K, capacity 6438K, committed 6656K, reserved 1056768K
  class space    used 348K, capacity 685K, committed 768K, reserved 1048576K
}
Event: 0.207 GC heap after
{Heap after GC invocations=2 (full 0):
 garbage-first heap   total 8192K, used 1705K [0x0000000082600000, 0x0000000100000000)
  region size 1024K, 1 young (1024K), 1 survivors (1024K)
 Metaspace       used 2976K, capacity 6438K, committed 6656K, reserved 1056768K
  class space    used 348K, capacity 685K, committed 768K, reserved 1048576K
}
Event: 0.302 GC heap before
{Heap before GC invocations=2 (full 0):
 garbage-first heap   total 8192K, used 2729K [0x0000000082600000, 0x0000000100000000)
  region size 1024K, 2 young (2048K), 1 survivors (1024K)
 Metaspace       used 5294K, capacity 8772K, committed 8960K, reserved 1056768K
  class space    used 655K, capacity 1016K, committed 1024K, reserved 1048576K
}
Event: 0.303 GC heap after
{Heap after GC invocations=3 (full 0):
 garbage-first heap   total 8192K, used 1790K [0x0000000082600000, 0x0000000100000000)
  region size 1024K, 1 young (1024K), 1 survivors (1024K)
 Metaspace       used 5294K, capacity 8772K, committed 8960K, reserved 1056768K
  class space    used 655K, capacity 1016K, committed 1024K, reserved 1048576K
}
Event: 0.356 GC heap before
{Heap before GC invocations=3 (full 0):
 garbage-first heap   total 8192K, used 2814K [0x0000000082600000, 0x0000000100000000)
  region size 1024K, 2 young (2048K), 1 survivors (1024K)
 Metaspace       used 6488K, capacity 9839K, committed 9856K, reserved 1058816K
  class space    used 797K, capacity 1140K, committed 1152K, reserved 1048576K
}
Event: 0.357 GC heap after
{Heap after GC invocations=4 (full 0):
 garbage-first heap   total 8192K, used 2194K [0x0000000082600000, 0x0000000100000000)
  region size 1024K, 1 young (1024K), 1 survivors (1024K)
 Metaspace       used 6488K, capacity 9839K, committed 9856K, reserved 1058816K
  class space    used 797K, capacity 1140K, committed 1152K, reserved 1048576K
}
Event: 0.417 GC heap before
{Heap before GC invocations=4 (full 0):
 garbage-first heap   total 8192K, used 3218K [0x0000000082600000, 0x0000000100000000)
  region size 1024K, 2 young (2048K), 1 survivors (1024K)
 Metaspace       used 7088K, capacity 10370K, committed 10496K, reserved 1058816K
  class space    used 873K, capacity 1211K, committed 1280K, reserved 1048576K
}

