# JRE version: Java(TM) SE Runtime Environment (13.0.1+9) (build 13.0.1+9)
# Java VM: Java HotSpot(TM) 64-Bit Server VM (13.0.1+9, mixed mode, sharing, tiered, compressed oops, g1 gc, windows-amd64)
Heap:
 garbage-first heap   total 36864K, used 21968K [0x0000000082600000, 0x0000000100000000)
  region size 1024K, 10 young (10240K), 2 survivors (2048K)
 Metaspace       used 11127K, capacity 13201K, committed 13440K, reserved 1060864K
  class space    used 1256K, capacity 1551K, committed 1664K, reserved 1048576K
GC Heap History (20 events):
Event: 0.521 GC heap before
{Heap before GC invocations=9 (full 0):
 garbage-first heap   total 14336K, used 6739K [0x0000000082600000, 0x0000000100000000)
  region size 1024K, 3 young (3072K), 1 survivors (1024K)
 Metaspace       used 8401K, capacity 11190K, committed 11264K, reserved 1058816K
  class space    used 973K, capacity 1272K, committed 1280K, reserved 1048576K
}
Event: 0.525 GC heap after
{Heap after GC invocations=10 (full 0):
 garbage-first heap   total 14336K, used 5235K [0x0000000082600000, 0x0000000100000000)
  region size 1024K, 1 young (1024K), 1 survivors (1024K)
 Metaspace       used 8401K, capacity 11190K, committed 11264K, reserved 1058816K
  class space    used 973K, capacity 1272K, committed 1280K, reserved 1048576K
}
Event: 0.634 GC heap before
{Heap before GC invocations=10 (full 0):
 garbage-first heap   total 14336K, used 7283K [0x0000000082600000, 0x0000000100000000)
  region size 1024K, 3 young (3072K), 1 survivors (1024K)
 Metaspace       used 8915K, capacity 11491K, committed 11648K, reserved 1058816K
  class space    used 1040K, capacity 1330K, committed 1408K, reserved 1048576K
}
Event: 0.640 GC heap after
{Heap after GC invocations=11 (full 0):
 garbage-first heap   total 14336K, used 6273K [0x0000000082600000, 0x0000000100000000)
  region size 1024K, 1 young (1024K), 1 survivors (1024K)
 Metaspace       used 8915K, capacity 11491K, committed 11648K, reserved 1058816K
  class space    used 1040K, capacity 1330K, committed 1408K, reserved 1048576K
}
Event: 0.748 GC heap before
{Heap before GC invocations=11 (full 0):
 garbage-first heap   total 14336K, used 8321K [0x0000000082600000, 0x0000000100000000)
  region size 1024K, 3 young (3072K), 1 survivors (1024K)
 Metaspace       used 9209K, capacity 11560K, committed 11648K, reserved 1058816K
  class space    used 1063K, capacity 1332K, committed 1408K, reserved 1048576K
}
Event: 0.752 GC heap after
{Heap after GC invocations=12 (full 0):
 garbage-first heap   total 14336K, used 7115K [0x0000000082600000, 0x0000000100000000)
  region size 1024K, 1 young (1024K), 1 survivors (1024K)
 Metaspace       used 9209K, capacity 11560K, committed 11648K, reserved 1058816K
  class space    used 1063K, capacity 1332K, committed 1408K, reserved 1048576K
}
Event: 0.787 GC heap before
{Heap before GC invocations=12 (full 0):
 garbage-first heap   total 14336K, used 8139K [0x0000000082600000, 0x0000000100000000)
  region size 1024K, 2 young (2048K), 1 survivors (1024K)
 Metaspace       used 9330K, capacity 11653K, committed 11904K, reserved 1060864K
  class space    used 1075K, capacity 1342K, committed 1408K, reserved 1048576K
}
Event: 0.789 GC heap after
{Heap after GC invocations=13 (full 0):
 garbage-first heap   total 24576K, used 7400K [0x0000000082600000, 0x0000000100000000)
  region size 1024K, 1 young (1024K), 1 survivors (1024K)
 Metaspace       used 9330K, capacity 11653K, committed 11904K, reserved 1060864K
  class space    used 1075K, capacity 1342K, committed 1408K, reserved 1048576K
}
Event: 0.852 GC heap before
{Heap before GC invocations=14 (full 0):
 garbage-first heap   total 24576K, used 11496K [0x0000000082600000, 0x0000000100000000)
  region size 1024K, 5 young (5120K), 1 survivors (1024K)
 Metaspace       used 9603K, capacity 11877K, committed 11904K, reserved 1060864K
  class space    used 1100K, capacity 1395K, committed 1408K, reserved 1048576K
}
Event: 0.854 GC heap after
{Heap after GC invocations=15 (full 0):
 garbage-first heap   total 24576K, used 7953K [0x0000000082600000, 0x0000000100000000)
  region size 1024K, 1 young (1024K), 1 survivors (1024K)
 Metaspace       used 9603K, capacity 11877K, committed 11904K, reserved 1060864K
  class space    used 1100K, capacity 1395K, committed 1408K, reserved 1048576K
}
Event: 0.877 GC heap before
{Heap before GC invocations=15 (full 0):
 garbage-first heap   total 24576K, used 13073K [0x0000000082600000, 0x0000000100000000)
  region size 1024K, 6 young (6144K), 1 survivors (1024K)
 Metaspace       used 9723K, capacity 11980K, committed 12160K, reserved 1060864K
  class space    used 1114K, capacity 1408K, committed 1408K, reserved 1048576K
}
Event: 0.880 GC heap after
{Heap after GC invocations=16 (full 0):
 garbage-first heap   total 24576K, used 8789K [0x0000000082600000, 0x0000000100000000)
  region size 1024K, 1 young (1024K), 1 survivors (1024K)
 Metaspace       used 9723K, capacity 11980K, committed 12160K, reserved 1060864K
  class space    used 1114K, capacity 1408K, committed 1408K, reserved 1048576K
}
Event: 0.915 GC heap before
{Heap before GC invocations=16 (full 0):
 garbage-first heap   total 24576K, used 12885K [0x0000000082600000, 0x0000000100000000)
  region size 1024K, 6 young (6144K), 1 survivors (1024K)
 Metaspace       used 9824K, capacity 12050K, committed 12160K, reserved 1060864K
  class space    used 1117K, capacity 1408K, committed 1408K, reserved 1048576K
}
Event: 0.919 GC heap after
{Heap after GC invocations=17 (full 0):
 garbage-first heap   total 24576K, used 9795K [0x0000000082600000, 0x0000000100000000)
  region size 1024K, 1 young (1024K), 1 survivors (1024K)
 Metaspace       used 9824K, capacity 12050K, committed 12160K, reserved 1060864K
  class space    used 1117K, capacity 1408K, committed 1408K, reserved 1048576K
}
Event: 0.942 GC heap before
{Heap before GC invocations=17 (full 0):
 garbage-first heap   total 24576K, used 14915K [0x0000000082600000, 0x0000000100000000)
  region size 1024K, 6 young (6144K), 1 survivors (1024K)
 Metaspace       used 9870K, capacity 12052K, committed 12160K, reserved 1060864K
  class space    used 1117K, capacity 1408K, committed 1408K, reserved 1048576K
}
Event: 0.946 GC heap after
{Heap after GC invocations=18 (full 0):
 garbage-first heap   total 36864K, used 10743K [0x0000000082600000, 0x0000000100000000)
  region size 1024K, 1 young (1024K), 1 survivors (1024K)
 Metaspace       used 9870K, capacity 12052K, committed 12160K, reserved 1060864K
  class space    used 1117K, capacity 1408K, committed 1408K, reserved 1048576K
}
Event: 0.990 GC heap before
{Heap before GC invocations=18 (full 0):
 garbage-first heap   total 36864K, used 18935K [0x0000000082600000, 0x0000000100000000)
  region size 1024K, 9 young (9216K), 1 survivors (1024K)
 Metaspace       used 9966K, capacity 12118K, committed 12160K, reserved 1060864K
  class space    used 1118K, capacity 1408K, committed 1408K, reserved 1048576K
}
Event: 0.994 GC heap after
{Heap after GC invocations=19 (full 0):
 garbage-first heap   total 36864K, used 12099K [0x0000000082600000, 0x0000000100000000)
  region size 1024K, 2 young (2048K), 2 survivors (2048K)
 Metaspace       used 9966K, capacity 12118K, committed 12160K, reserved 1060864K
  class space    used 1118K, capacity 1408K, committed 1408K, reserved 1048576K
}
Event: 1.074 GC heap before
{Heap before GC invocations=19 (full 0):
 garbage-first heap   total 36864K, used 22339K [0x0000000082600000, 0x0000000100000000)
  region size 1024K, 11 young (11264K), 2 survivors (2048K)
 Metaspace       used 10111K, capacity 12258K, committed 12416K, reserved 1060864K
  class space    used 1119K, capacity 1408K, committed 1408K, reserved 1048576K
}
Event: 1.080 GC heap after
{Heap after GC invocations=20 (full 0):
 garbage-first heap   total 36864K, used 14800K [0x0000000082600000, 0x0000000100000000)
  region size 1024K, 2 young (2048K), 2 survivors (2048K)
 Metaspace       used 10111K, capacity 12258K, committed 12416K, reserved 1060864K
  class space    used 1119K, capacity 1408K, committed 1408K, reserved 1048576K
}

